#
# A fatal error has been detected by the Java Runtime Environment:
#
#  EXCEPTION_ACCESS_VIOLATION (0xc0000005) at pc=0x779e83cc, pid=3228, tid=0x00000a80
#
# JRE version: Java(TM) SE Runtime Environment (8.0_202-b08) (build 1.8.0_202-b08)
# Java VM: Java HotSpot(TM) Client VM (25.202-b08 mixed mode windows-x86 )
# Problematic frame:
# C  [ntdll.dll+0x883cc]
#
# Failed to write core dump. Minidumps are not enabled by default on client versions of Windows
#
# If you would like to submit a bug report, please visit:
#   http://bugreport.java.com/bugreport/crash.jsp
# The crash happened outside the Java Virtual Machine in native code.
# See problematic frame for where to report the bug.
#

---------------  T H R E A D  ---------------

Current thread (0x1b555c00):  JavaThread "Print Job Thread" [_thread_in_native, id=2688, stack(0x20110000,0x20160000)]

siginfo: ExceptionCode=0xc0000005, reading address 0x00000000

Registers:
EAX=0x1caeb74c, EBX=0x2015f6c0, ECX=0x00000000, EDX=0x00000000
ESP=0x2015f61c, EBP=0x2015f62c, ESI=0x0000005d, EDI=0xffffffff
EIP=0x779e83cc, EFLAGS=0x00010283

Top of Stack: (sp=0x2015f61c)
0x2015f61c:   00000020 00a40052 2015f6c0 1caeb74c
0x2015f62c:   2015f6b8 779a655f 0000005d 00000020
0x2015f63c:   00000000 00840000 779d368c 768f1478
0x2015f64c:   2015f69c 000f0007 4b8e98bd 2015f6a0
0x2015f65c:   00000018 004d07d0 00000064 00000000
0x2015f66c:   00000018 1cb93eb0 1cb313d8 1caeb738
0x2015f67c:   00000000 00000000 004d0000 00000002
0x2015f68c:   00000000 00000003 004d0000 004d01c4 

Instructions: (pc=0x779e83cc)
0x779e83ac:   75 0f 3b d0 74 05 83 c2 04 eb 02 8b d1 3b d3 75
0x779e83bc:   ed 3b d0 75 05 83 e6 1f 75 c8 8b 4d 0c 8b 75 08
0x779e83cc:   8b 1a 0f af f1 c1 ee 07 83 f9 20 73 13 8b c3 33
0x779e83dc:   ff f7 d0 47 0f bc c0 d3 e7 03 f0 8b c8 4f d3 e7 


Register to memory mapping:

EAX=0x1caeb74c is an unknown value
EBX=0x2015f6c0 is pointing into the stack for thread: 0x1b555c00
ECX=0x00000000 is an unknown value
EDX=0x00000000 is an unknown value
ESP=0x2015f61c is pointing into the stack for thread: 0x1b555c00
EBP=0x2015f62c is pointing into the stack for thread: 0x1b555c00
ESI=0x0000005d is an unknown value
EDI=0xffffffff is an unknown value


Stack: [0x20110000,0x20160000],  sp=0x2015f61c,  free space=317k
Native frames: (J=compiled Java code, j=interpreted, Vv=VM code, C=native code)
C  [ntdll.dll+0x883cc]
C  [ntdll.dll+0x4655f]
C  [ntdll.dll+0x460be]
C  [KERNELBASE.dll+0x120c30]
C  [gdi32full.dll+0x4ab27]
C  [gdi32full.dll+0x4adcd]
C  [gdi32full.dll+0x50549]
C  [gdi32full.dll+0x504be]
C  [gdi32full.dll+0x51ad9]
C  [GDI32.dll+0x528f]
C  0x6dadb388
j  sun.awt.windows.WPrinterJob.endDoc()V+0
j  sun.print.RasterPrinterJob.print(Ljavax/print/attribute/PrintRequestAttributeSet;)V+605
j  com.sun.prism.j2d.print.J2DPrinterJob$PrintJobRunnable.run()V+14
j  java.lang.Thread.run()V+11
v  ~StubRoutines::call_stub
V  [jvm.dll+0x15c285]
V  [jvm.dll+0x22501e]
V  [jvm.dll+0x15c31e]
V  [jvm.dll+0x15c4a6]
V  [jvm.dll+0x15c517]
V  [jvm.dll+0x10018f]
V  [jvm.dll+0x17f530]
V  [jvm.dll+0x17fdaa]
V  [jvm.dll+0x1c69e6]
C  [msvcr100.dll+0x5c556]
C  [msvcr100.dll+0x5c600]
C  [KERNEL32.DLL+0x1fcc9]
C  [ntdll.dll+0x682ae]
C  [ntdll.dll+0x6827e]
C  0x00000000

Java frames: (J=compiled Java code, j=interpreted, Vv=VM code)
j  sun.awt.windows.WPrinterJob.endDoc()V+0
j  sun.print.RasterPrinterJob.print(Ljavax/print/attribute/PrintRequestAttributeSet;)V+605
j  com.sun.prism.j2d.print.J2DPrinterJob$PrintJobRunnable.run()V+14
j  java.lang.Thread.run()V+11
v  ~StubRoutines::call_stub

---------------  P R O C E S S  ---------------

Java Threads: ( => current thread )
=>0x1b555c00 JavaThread "Print Job Thread" [_thread_in_native, id=2688, stack(0x20110000,0x20160000)]
  0x1b555400 JavaThread "AWT-Windows" daemon [_thread_in_native, id=9720, stack(0x20080000,0x200d0000)]
  0x1b542400 JavaThread "AWT-Shutdown" [_thread_blocked, id=3976, stack(0x1fff0000,0x20040000)]
  0x1b547c00 JavaThread "Java2D Disposer" daemon [_thread_blocked, id=2980, stack(0x1fe60000,0x1feb0000)]
  0x1b675000 JavaThread "Thread-6" daemon [_thread_in_native, id=13308, stack(0x1e9e0000,0x1ea30000)]
  0x1b570800 JavaThread "Prism Font Disposer" daemon [_thread_blocked, id=560, stack(0x1dd60000,0x1ddb0000)]
  0x1547a000 JavaThread "Thread-3" daemon [_thread_in_native, id=7140, stack(0x1aaf0000,0x1ab40000)]
  0x15483800 JavaThread "JavaFX-Launcher" [_thread_blocked, id=12104, stack(0x1ab90000,0x1abe0000)]
  0x15419000 JavaThread "JavaFX Application Thread" [_thread_in_native, id=7500, stack(0x158b0000,0x15900000)]
  0x15415800 JavaThread "Thread-1" daemon [_thread_blocked, id=10520, stack(0x15820000,0x15870000)]
  0x153f3000 JavaThread "QuantumRenderer-0" daemon [_thread_blocked, id=348, stack(0x15790000,0x157e0000)]
  0x14d61c00 JavaThread "Service Thread" daemon [_thread_blocked, id=10392, stack(0x15270000,0x152c0000)]
  0x14d5d000 JavaThread "C1 CompilerThread0" daemon [_thread_blocked, id=12984, stack(0x151e0000,0x15230000)]
  0x14d59800 JavaThread "Monitor Ctrl-Break" daemon [_thread_in_native, id=6872, stack(0x15150000,0x151a0000)]
  0x14c9c400 JavaThread "Attach Listener" daemon [_thread_blocked, id=7940, stack(0x150c0000,0x15110000)]
  0x14c9a400 JavaThread "Signal Dispatcher" daemon [_thread_blocked, id=5412, stack(0x15030000,0x15080000)]
  0x14c7cc00 JavaThread "Finalizer" daemon [_thread_blocked, id=11976, stack(0x14ea0000,0x14ef0000)]
  0x14c76c00 JavaThread "Reference Handler" daemon [_thread_blocked, id=13032, stack(0x04780000,0x047d0000)]
  0x02490400 JavaThread "main" [_thread_blocked, id=2660, stack(0x02270000,0x022c0000)]

Other Threads:
  0x14c61400 VMThread [stack: 0x046f0000,0x04740000] [id=12876]
  0x14d65c00 WatcherThread [stack: 0x15300000,0x15350000] [id=1036]

VM state:not at safepoint (normal execution)

VM Mutex/Monitor currently owned by a thread: None

Heap:
 def new generation   total 9280K, used 4860K [0x04800000, 0x05210000, 0x09d50000)
  eden space 8256K,  46% used [0x04800000, 0x04bbf3b0, 0x05010000)
  from space 1024K, 100% used [0x05110000, 0x05210000, 0x05210000)
  to   space 1024K,   0% used [0x05010000, 0x05010000, 0x05110000)
 tenured generation   total 20548K, used 14567K [0x09d50000, 0x0b161000, 0x14800000)
   the space 20548K,  70% used [0x09d50000, 0x0ab89fe0, 0x0ab8a000, 0x0b161000)
 Metaspace       used 17110K, capacity 17977K, committed 18048K, reserved 18816K

Card table byte_map: [0x04620000,0x046b0000] byte_map_base: 0x045fc000

Polling page: 0x00a60000

CodeCache: size=32768Kb used=2798Kb max_used=2798Kb free=29969Kb
 bounds [0x02620000, 0x028e0000, 0x04620000]
 total_blobs=1951 nmethods=1485 adapters=396
 compilation: enabled

Compilation events (10 events):
Event: 6.695 Thread 0x14d5d000 1494   !         java.lang.Thread::blockedOn (23 bytes)
Event: 6.695 Thread 0x14d5d000 nmethod 1494 0x028da388 code [0x028da480, 0x028da680]
Event: 6.695 Thread 0x14d5d000 1495             java.lang.System$2::blockedOn (6 bytes)
Event: 6.695 Thread 0x14d5d000 nmethod 1495 0x028da708 code [0x028da800, 0x028daa10]
Event: 6.695 Thread 0x14d5d000 1496             java.awt.geom.Path2D$Float::append (229 bytes)
Event: 6.695 Thread 0x14d5d000 nmethod 1496 0x028dab08 code [0x028dac80, 0x028db02c]
Event: 6.695 Thread 0x14d5d000 1497             java.awt.geom.Path2D$Float$CopyIterator::currentSegment (39 bytes)
Event: 6.696 Thread 0x14d5d000 nmethod 1497 0x028db308 code [0x028db420, 0x028db58c]
Event: 6.696 Thread 0x14d5d000 1498             java.awt.geom.Path2D$Float::needRoom (72 bytes)
Event: 6.696 Thread 0x14d5d000 nmethod 1498 0x028db708 code [0x028db830, 0x028db994]

GC Heap History (10 events):
Event: 1.665 GC heap before
{Heap before GC invocations=14 (full 1):
 def new generation   total 5376K, used 4833K [0x04800000, 0x04dd0000, 0x09d50000)
  eden space 4800K,  93% used [0x04800000, 0x04c66c60, 0x04cb0000)
  from space 576K,  56% used [0x04d40000, 0x04d91ac8, 0x04dd0000)
  to   space 576K,   0% used [0x04cb0000, 0x04cb0000, 0x04d40000)
 tenured generation   total 11816K, used 7089K [0x09d50000, 0x0a8da000, 0x14800000)
   the space 11816K,  59% used [0x09d50000, 0x0a43c4a8, 0x0a43c600, 0x0a8da000)
 Metaspace       used 13055K, capacity 13741K, committed 13824K, reserved 14720K
Event: 1.669 GC heap after
Heap after GC invocations=15 (full 1):
 def new generation   total 5376K, used 576K [0x04800000, 0x04dd0000, 0x09d50000)
  eden space 4800K,   0% used [0x04800000, 0x04800000, 0x04cb0000)
  from space 576K, 100% used [0x04cb0000, 0x04d40000, 0x04d40000)
  to   space 576K,   0% used [0x04d40000, 0x04d40000, 0x04dd0000)
 tenured generation   total 11816K, used 7751K [0x09d50000, 0x0a8da000, 0x14800000)
   the space 11816K,  65% used [0x09d50000, 0x0a4e1d80, 0x0a4e1e00, 0x0a8da000)
 Metaspace       used 13055K, capacity 13741K, committed 13824K, reserved 14720K
}
Event: 1.752 GC heap before
{Heap before GC invocations=15 (full 1):
 def new generation   total 5376K, used 5310K [0x04800000, 0x04dd0000, 0x09d50000)
  eden space 4800K,  98% used [0x04800000, 0x04c9f8a0, 0x04cb0000)
  from space 576K, 100% used [0x04cb0000, 0x04d40000, 0x04d40000)
  to   space 576K,   0% used [0x04d40000, 0x04d40000, 0x04dd0000)
 tenured generation   total 11816K, used 7751K [0x09d50000, 0x0a8da000, 0x14800000)
   the space 11816K,  65% used [0x09d50000, 0x0a4e1d80, 0x0a4e1e00, 0x0a8da000)
 Metaspace       used 13532K, capacity 14284K, committed 14336K, reserved 14720K
Event: 1.757 GC heap after
Heap after GC invocations=16 (full 1):
 def new generation   total 5376K, used 230K [0x04800000, 0x04dd0000, 0x09d50000)
  eden space 4800K,   0% used [0x04800000, 0x04800000, 0x04cb0000)
  from space 576K,  39% used [0x04d40000, 0x04d79870, 0x04dd0000)
  to   space 576K,   0% used [0x04cb0000, 0x04cb0000, 0x04d40000)
 tenured generation   total 11816K, used 9340K [0x09d50000, 0x0a8da000, 0x14800000)
   the space 11816K,  79% used [0x09d50000, 0x0a66f2f0, 0x0a66f400, 0x0a8da000)
 Metaspace       used 13532K, capacity 14284K, committed 14336K, reserved 14720K
}
Event: 2.300 GC heap before
{Heap before GC invocations=16 (full 1):
 def new generation   total 5376K, used 5030K [0x04800000, 0x04dd0000, 0x09d50000)
  eden space 4800K, 100% used [0x04800000, 0x04cb0000, 0x04cb0000)
  from space 576K,  39% used [0x04d40000, 0x04d79870, 0x04dd0000)
  to   space 576K,   0% used [0x04cb0000, 0x04cb0000, 0x04d40000)
 tenured generation   total 11816K, used 9340K [0x09d50000, 0x0a8da000, 0x14800000)
   the space 11816K,  79% used [0x09d50000, 0x0a66f2f0, 0x0a66f400, 0x0a8da000)
 Metaspace       used 13931K, capacity 14755K, committed 14848K, reserved 15744K
Event: 2.304 GC heap after
Heap after GC invocations=17 (full 1):
 def new generation   total 5376K, used 576K [0x04800000, 0x04dd0000, 0x09d50000)
  eden space 4800K,   0% used [0x04800000, 0x04800000, 0x04cb0000)
  from space 576K, 100% used [0x04cb0000, 0x04d40000, 0x04d40000)
  to   space 576K,   0% used [0x04d40000, 0x04d40000, 0x04dd0000)
 tenured generation   total 11816K, used 10780K [0x09d50000, 0x0a8da000, 0x14800000)
   the space 11816K,  91% used [0x09d50000, 0x0a7d7380, 0x0a7d7400, 0x0a8da000)
 Metaspace       used 13931K, capacity 14755K, committed 14848K, reserved 15744K
}
Event: 3.666 GC heap before
{Heap before GC invocations=17 (full 1):
 def new generation   total 5376K, used 5371K [0x04800000, 0x04dd0000, 0x09d50000)
  eden space 4800K,  99% used [0x04800000, 0x04caec10, 0x04cb0000)
  from space 576K, 100% used [0x04cb0000, 0x04d40000, 0x04d40000)
  to   space 576K,   0% used [0x04d40000, 0x04d40000, 0x04dd0000)
 tenured generation   total 11816K, used 10780K [0x09d50000, 0x0a8da000, 0x14800000)
   the space 11816K,  91% used [0x09d50000, 0x0a7d7380, 0x0a7d7400, 0x0a8da000)
 Metaspace       used 14130K, capacity 14975K, committed 14976K, reserved 15744K
Event: 3.713 GC heap after
Heap after GC invocations=18 (full 2):
 def new generation   total 9280K, used 543K [0x04800000, 0x05210000, 0x09d50000)
  eden space 8256K,   6% used [0x04800000, 0x04887e00, 0x05010000)
  from space 1024K,   0% used [0x05010000, 0x05010000, 0x05110000)
  to   space 1024K,   0% used [0x05110000, 0x05110000, 0x05210000)
 tenured generation   total 20548K, used 12327K [0x09d50000, 0x0b161000, 0x14800000)
   the space 20548K,  59% used [0x09d50000, 0x0a959ed8, 0x0a95a000, 0x0b161000)
 Metaspace       used 14130K, capacity 14975K, committed 14976K, reserved 15744K
}
Event: 5.438 GC heap before
{Heap before GC invocations=18 (full 2):
 def new generation   total 9280K, used 8256K [0x04800000, 0x05210000, 0x09d50000)
  eden space 8256K, 100% used [0x04800000, 0x05010000, 0x05010000)
  from space 1024K,   0% used [0x05010000, 0x05010000, 0x05110000)
  to   space 1024K,   0% used [0x05110000, 0x05110000, 0x05210000)
 tenured generation   total 20548K, used 12327K [0x09d50000, 0x0b161000, 0x14800000)
   the space 20548K,  59% used [0x09d50000, 0x0a959ed8, 0x0a95a000, 0x0b161000)
 Metaspace       used 16326K, capacity 17206K, committed 17280K, reserved 17792K
Event: 5.446 GC heap after
Heap after GC invocations=19 (full 2):
 def new generation   total 9280K, used 1024K [0x04800000, 0x05210000, 0x09d50000)
  eden space 8256K,   0% used [0x04800000, 0x04800000, 0x05010000)
  from space 1024K, 100% used [0x05110000, 0x05210000, 0x05210000)
  to   space 1024K,   0% used [0x05010000, 0x05010000, 0x05110000)
 tenured generation   total 20548K, used 14567K [0x09d50000, 0x0b161000, 0x14800000)
   the space 20548K,  70% used [0x09d50000, 0x0ab89fe0, 0x0ab8a000, 0x0b161000)
 Metaspace       used 16326K, capacity 17206K, committed 17280K, reserved 17792K
}

Deoptimization events (0 events):
No events

Classes redefined (0 events):
No events

Internal exceptions (10 events):
Event: 1.194 Thread 0x15419000 Exception <a 'java/lang/ArrayIndexOutOfBoundsException'> (0x0490def8) thrown at [C:\re\workspace\8-2-build-windows-i586-cygwin\jdk8u202\12323\hotspot\src\share\vm\runtime\sharedRuntime.cpp, line 605]
Event: 1.255 Thread 0x15419000 Exception <a 'java/io/FileNotFoundException'> (0x04c1bfa8) thrown at [C:\re\workspace\8-2-build-windows-i586-cygwin\jdk8u202\12323\hotspot\src\share\vm\prims\jni.cpp, line 710]
Event: 1.280 Thread 0x15419000 Implicit null exception at 0x027b1120 to 0x027b280f
Event: 2.267 Thread 0x153d1000 Exception <a 'java/lang/InterruptedException': sleep interrupted> (0x04971040) thrown at [C:\re\workspace\8-2-build-windows-i586-cygwin\jdk8u202\12323\hotspot\src\share\vm\prims\jvm.cpp, line 3336]
Event: 2.288 Thread 0x15419000 Exception <a 'java/io/FileNotFoundException'> (0x04b0bc38) thrown at [C:\re\workspace\8-2-build-windows-i586-cygwin\jdk8u202\12323\hotspot\src\share\vm\prims\jni.cpp, line 710]
Event: 2.288 Thread 0x15419000 Exception <a 'java/io/FileNotFoundException'> (0x04b0ce68) thrown at [C:\re\workspace\8-2-build-windows-i586-cygwin\jdk8u202\12323\hotspot\src\share\vm\prims\jni.cpp, line 710]
Event: 2.288 Thread 0x15419000 Exception <a 'java/io/FileNotFoundException'> (0x04b11ca8) thrown at [C:\re\workspace\8-2-build-windows-i586-cygwin\jdk8u202\12323\hotspot\src\share\vm\prims\jni.cpp, line 710]
Event: 2.289 Thread 0x15419000 Exception <a 'java/io/FileNotFoundException'> (0x04b12e30) thrown at [C:\re\workspace\8-2-build-windows-i586-cygwin\jdk8u202\12323\hotspot\src\share\vm\prims\jni.cpp, line 710]
Event: 3.775 Thread 0x15419000 Exception <a 'java/io/FileNotFoundException'> (0x04cab620) thrown at [C:\re\workspace\8-2-build-windows-i586-cygwin\jdk8u202\12323\hotspot\src\share\vm\prims\jni.cpp, line 710]
Event: 5.412 Thread 0x15419000 Exception <a 'java/io/FileNotFoundException'> (0x04f05420) thrown at [C:\re\workspace\8-2-build-windows-i586-cygwin\jdk8u202\12323\hotspot\src\share\vm\prims\jni.cpp, line 710]

Events (10 events):
Event: 6.693 loading class sun/font/GlyphLayout$EngineRecord
Event: 6.694 loading class sun/font/GlyphLayout$EngineRecord done
Event: 6.694 loading class sun/font/GlyphLayout$LayoutEngineKey
Event: 6.694 loading class sun/font/GlyphLayout$LayoutEngineKey done
Event: 6.694 loading class java/awt/font/TextLine$TextLineMetrics
Event: 6.694 loading class java/awt/font/TextLine$TextLineMetrics done
Event: 6.698 loading class com/sun/prism/j2d/print/J2DPrinterJob$ExitLoopRunnable
Event: 6.698 loading class com/sun/prism/j2d/print/J2DPrinterJob$ExitLoopRunnable done
Event: 6.698 loading class com/sun/prism/j2d/print/J2DPrinterJob$ClearSceneRunnable
Event: 6.698 loading class com/sun/prism/j2d/print/J2DPrinterJob$ClearSceneRunnable done


Dynamic libraries:
0x00550000 - 0x00583000 	C:\Program Files (x86)\Java\jdk1.8.0_202\bin\java.exe
0x77960000 - 0x77b04000 	C:\WINDOWS\SYSTEM32\ntdll.dll
0x76e40000 - 0x76f30000 	C:\WINDOWS\System32\KERNEL32.DLL
0x767e0000 - 0x76a19000 	C:\WINDOWS\System32\KERNELBASE.dll
0x72fe0000 - 0x73084000 	C:\WINDOWS\SYSTEM32\apphelp.dll
0x77310000 - 0x7738d000 	C:\WINDOWS\System32\ADVAPI32.dll
0x76130000 - 0x761ef000 	C:\WINDOWS\System32\msvcrt.dll
0x76aa0000 - 0x76b17000 	C:\WINDOWS\System32\sechost.dll
0x757f0000 - 0x758a9000 	C:\WINDOWS\System32\RPCRT4.dll
0x766e0000 - 0x766f9000 	C:\WINDOWS\System32\bcrypt.dll
0x770d0000 - 0x7726d000 	C:\WINDOWS\System32\USER32.dll
0x770b0000 - 0x770c8000 	C:\WINDOWS\System32\win32u.dll
0x773f0000 - 0x77413000 	C:\WINDOWS\System32\GDI32.dll
0x76d00000 - 0x76de7000 	C:\WINDOWS\System32\gdi32full.dll
0x758b0000 - 0x7592b000 	C:\WINDOWS\System32\msvcp_win.dll
0x765c0000 - 0x766e0000 	C:\WINDOWS\System32\ucrtbase.dll
0x747e0000 - 0x749f1000 	C:\WINDOWS\WinSxS\x86_microsoft.windows.common-controls_6595b64144ccf1df_6.0.19041.6456_none_a865dda286726b5c\COMCTL32.dll
0x76030000 - 0x76055000 	C:\WINDOWS\System32\IMM32.DLL
0x72960000 - 0x72a1f000 	C:\Program Files (x86)\Java\jdk1.8.0_202\jre\bin\msvcr100.dll
0x71140000 - 0x71515000 	C:\Program Files (x86)\Java\jdk1.8.0_202\jre\bin\client\jvm.dll
0x76c90000 - 0x76c96000 	C:\WINDOWS\System32\PSAPI.DLL
0x724e0000 - 0x724e8000 	C:\WINDOWS\SYSTEM32\WSOCK32.dll
0x72930000 - 0x72958000 	C:\WINDOWS\SYSTEM32\WINMM.dll
0x74f00000 - 0x74f08000 	C:\WINDOWS\SYSTEM32\VERSION.dll
0x760c0000 - 0x76123000 	C:\WINDOWS\System32\WS2_32.dll
0x72920000 - 0x7292c000 	C:\Program Files (x86)\Java\jdk1.8.0_202\jre\bin\verify.dll
0x728f0000 - 0x72911000 	C:\Program Files (x86)\Java\jdk1.8.0_202\jre\bin\java.dll
0x72850000 - 0x72870000 	C:\Program Files (x86)\Java\jdk1.8.0_202\jre\bin\instrument.dll
0x728d0000 - 0x728e4000 	C:\Program Files (x86)\Java\jdk1.8.0_202\jre\bin\zip.dll
0x75990000 - 0x75f6b000 	C:\WINDOWS\System32\SHELL32.dll
0x751b0000 - 0x757c9000 	C:\WINDOWS\SYSTEM32\windows.storage.dll
0x76340000 - 0x765c0000 	C:\WINDOWS\System32\combase.dll
0x75180000 - 0x751a5000 	C:\WINDOWS\SYSTEM32\Wldp.dll
0x77270000 - 0x77306000 	C:\WINDOWS\System32\OLEAUT32.dll
0x76f30000 - 0x76fb7000 	C:\WINDOWS\System32\SHCORE.dll
0x76df0000 - 0x76e39000 	C:\WINDOWS\System32\shlwapi.dll
0x75090000 - 0x750ab000 	C:\WINDOWS\SYSTEM32\profapi.dll
0x72890000 - 0x728a5000 	C:\Program Files (x86)\Java\jdk1.8.0_202\jre\bin\net.dll
0x72c80000 - 0x72e2d000 	C:\WINDOWS\SYSTEM32\urlmon.dll
0x72a20000 - 0x72c58000 	C:\WINDOWS\SYSTEM32\iertutil.dll
0x72c60000 - 0x72c7d000 	C:\WINDOWS\SYSTEM32\srvcli.dll
0x74be0000 - 0x74beb000 	C:\WINDOWS\SYSTEM32\netutils.dll
0x74af0000 - 0x74b42000 	C:\WINDOWS\system32\mswsock.dll
0x72840000 - 0x72843000 	C:\Program Files (x86)\Java\jdk1.8.0_202\jre\bin\api-ms-win-core-console-l1-1-0.dll
0x72830000 - 0x72833000 	C:\Program Files (x86)\Java\jdk1.8.0_202\jre\bin\api-ms-win-core-datetime-l1-1-0.dll
0x72820000 - 0x72823000 	C:\Program Files (x86)\Java\jdk1.8.0_202\jre\bin\api-ms-win-core-debug-l1-1-0.dll
0x72810000 - 0x72813000 	C:\Program Files (x86)\Java\jdk1.8.0_202\jre\bin\api-ms-win-core-errorhandling-l1-1-0.dll
0x72800000 - 0x72804000 	C:\Program Files (x86)\Java\jdk1.8.0_202\jre\bin\api-ms-win-core-file-l1-1-0.dll
0x727f0000 - 0x727f3000 	C:\Program Files (x86)\Java\jdk1.8.0_202\jre\bin\api-ms-win-core-file-l1-2-0.dll
0x727e0000 - 0x727e3000 	C:\Program Files (x86)\Java\jdk1.8.0_202\jre\bin\api-ms-win-core-file-l2-1-0.dll
0x727d0000 - 0x727d3000 	C:\Program Files (x86)\Java\jdk1.8.0_202\jre\bin\api-ms-win-core-handle-l1-1-0.dll
0x727c0000 - 0x727c3000 	C:\Program Files (x86)\Java\jdk1.8.0_202\jre\bin\api-ms-win-core-heap-l1-1-0.dll
0x727b0000 - 0x727b3000 	C:\Program Files (x86)\Java\jdk1.8.0_202\jre\bin\api-ms-win-core-interlocked-l1-1-0.dll
0x727a0000 - 0x727a3000 	C:\Program Files (x86)\Java\jdk1.8.0_202\jre\bin\api-ms-win-core-libraryloader-l1-1-0.dll
0x72790000 - 0x72793000 	C:\Program Files (x86)\Java\jdk1.8.0_202\jre\bin\api-ms-win-core-localization-l1-2-0.dll
0x72780000 - 0x72783000 	C:\Program Files (x86)\Java\jdk1.8.0_202\jre\bin\api-ms-win-core-memory-l1-1-0.dll
0x72770000 - 0x72773000 	C:\Program Files (x86)\Java\jdk1.8.0_202\jre\bin\api-ms-win-core-namedpipe-l1-1-0.dll
0x72760000 - 0x72763000 	C:\Program Files (x86)\Java\jdk1.8.0_202\jre\bin\api-ms-win-core-processenvironment-l1-1-0.dll
0x72750000 - 0x72753000 	C:\Program Files (x86)\Java\jdk1.8.0_202\jre\bin\api-ms-win-core-processthreads-l1-1-0.dll
0x72740000 - 0x72743000 	C:\Program Files (x86)\Java\jdk1.8.0_202\jre\bin\api-ms-win-core-processthreads-l1-1-1.dll
0x72730000 - 0x72733000 	C:\Program Files (x86)\Java\jdk1.8.0_202\jre\bin\api-ms-win-core-profile-l1-1-0.dll
0x72720000 - 0x72723000 	C:\Program Files (x86)\Java\jdk1.8.0_202\jre\bin\api-ms-win-core-rtlsupport-l1-1-0.dll
0x72710000 - 0x72713000 	C:\Program Files (x86)\Java\jdk1.8.0_202\jre\bin\api-ms-win-core-string-l1-1-0.dll
0x72700000 - 0x72703000 	C:\Program Files (x86)\Java\jdk1.8.0_202\jre\bin\api-ms-win-core-synch-l1-1-0.dll
0x726f0000 - 0x726f3000 	C:\Program Files (x86)\Java\jdk1.8.0_202\jre\bin\api-ms-win-core-synch-l1-2-0.dll
0x726e0000 - 0x726e3000 	C:\Program Files (x86)\Java\jdk1.8.0_202\jre\bin\api-ms-win-core-sysinfo-l1-1-0.dll
0x726d0000 - 0x726d3000 	C:\Program Files (x86)\Java\jdk1.8.0_202\jre\bin\api-ms-win-core-timezone-l1-1-0.dll
0x726c0000 - 0x726c3000 	C:\Program Files (x86)\Java\jdk1.8.0_202\jre\bin\api-ms-win-core-util-l1-1-0.dll
0x726b0000 - 0x726b3000 	C:\Program Files (x86)\Java\jdk1.8.0_202\jre\bin\api-ms-win-crt-conio-l1-1-0.dll
0x726a0000 - 0x726a4000 	C:\Program Files (x86)\Java\jdk1.8.0_202\jre\bin\api-ms-win-crt-convert-l1-1-0.dll
0x72690000 - 0x72693000 	C:\Program Files (x86)\Java\jdk1.8.0_202\jre\bin\api-ms-win-crt-environment-l1-1-0.dll
0x72680000 - 0x72683000 	C:\Program Files (x86)\Java\jdk1.8.0_202\jre\bin\api-ms-win-crt-filesystem-l1-1-0.dll
0x72670000 - 0x72673000 	C:\Program Files (x86)\Java\jdk1.8.0_202\jre\bin\api-ms-win-crt-heap-l1-1-0.dll
0x72660000 - 0x72663000 	C:\Program Files (x86)\Java\jdk1.8.0_202\jre\bin\api-ms-win-crt-locale-l1-1-0.dll
0x72520000 - 0x72525000 	C:\Program Files (x86)\Java\jdk1.8.0_202\jre\bin\api-ms-win-crt-math-l1-1-0.dll
0x72510000 - 0x72515000 	C:\Program Files (x86)\Java\jdk1.8.0_202\jre\bin\api-ms-win-crt-multibyte-l1-1-0.dll
0x72500000 - 0x72510000 	C:\Program Files (x86)\Java\jdk1.8.0_202\jre\bin\api-ms-win-crt-private-l1-1-0.dll
0x71130000 - 0x71133000 	C:\Program Files (x86)\Java\jdk1.8.0_202\jre\bin\api-ms-win-crt-process-l1-1-0.dll
0x71120000 - 0x71124000 	C:\Program Files (x86)\Java\jdk1.8.0_202\jre\bin\api-ms-win-crt-runtime-l1-1-0.dll
0x71110000 - 0x71114000 	C:\Program Files (x86)\Java\jdk1.8.0_202\jre\bin\api-ms-win-crt-stdio-l1-1-0.dll
0x71100000 - 0x71104000 	C:\Program Files (x86)\Java\jdk1.8.0_202\jre\bin\api-ms-win-crt-string-l1-1-0.dll
0x710f0000 - 0x710f3000 	C:\Program Files (x86)\Java\jdk1.8.0_202\jre\bin\api-ms-win-crt-time-l1-1-0.dll
0x710e0000 - 0x710e3000 	C:\Program Files (x86)\Java\jdk1.8.0_202\jre\bin\api-ms-win-crt-utility-l1-1-0.dll
0x70fc0000 - 0x710d8000 	C:\Program Files (x86)\Java\jdk1.8.0_202\jre\bin\ucrtbase.dll
0x70fa0000 - 0x70fb4000 	C:\Program Files (x86)\Java\jdk1.8.0_202\jre\bin\vcruntime140.dll
0x70f30000 - 0x70f9c000 	C:\Program Files (x86)\Java\jdk1.8.0_202\jre\bin\msvcp140.dll
0x70ef0000 - 0x70f2b000 	C:\Program Files (x86)\Java\jdk1.8.0_202\jre\bin\concrt140.dll
0x70ed0000 - 0x70eef000 	C:\Program Files (x86)\Java\jdk1.8.0_202\jre\bin\prism_d3d.dll
0x70d30000 - 0x70ec2000 	C:\WINDOWS\system32\d3d9.dll
0x74f40000 - 0x74f4f000 	C:\WINDOWS\SYSTEM32\kernel.appcore.dll
0x71be0000 - 0x71c06000 	C:\WINDOWS\SYSTEM32\dwmapi.dll
0x750f0000 - 0x75164000 	C:\WINDOWS\system32\uxtheme.dll
0x6e670000 - 0x70ac4000 	C:\WINDOWS\SYSTEM32\igdumdim32.dll
0x76fc0000 - 0x770a3000 	C:\WINDOWS\System32\ole32.dll
0x77420000 - 0x7785a000 	C:\WINDOWS\System32\SETUPAPI.dll
0x76300000 - 0x7633b000 	C:\WINDOWS\System32\cfgmgr32.dll
0x70cf0000 - 0x70d28000 	C:\Program Files (x86)\Java\jdk1.8.0_202\jre\bin\glass.dll
0x75f70000 - 0x7601f000 	C:\WINDOWS\System32\COMDLG32.dll
0x76700000 - 0x767d4000 	C:\WINDOWS\System32\MSCTF.dll
0x76060000 - 0x760bf000 	C:\WINDOWS\System32\bcryptPrimitives.dll
0x6dda0000 - 0x6e66a000 	C:\WINDOWS\SYSTEM32\igdusc32.dll
0x70cc0000 - 0x70cec000 	C:\WINDOWS\SYSTEM32\dxcore.dll
0x72880000 - 0x7288f000 	C:\Program Files (x86)\Java\jdk1.8.0_202\jre\bin\nio.dll
0x728b0000 - 0x728d0000 	C:\Program Files (x86)\Java\jdk1.8.0_202\jre\bin\sunec.dll
0x74b50000 - 0x74b82000 	C:\WINDOWS\SYSTEM32\IPHLPAPI.DLL
0x762f0000 - 0x762f7000 	C:\WINDOWS\System32\NSI.dll
0x744a0000 - 0x744b4000 	C:\WINDOWS\SYSTEM32\dhcpcsvc6.DLL
0x74480000 - 0x74496000 	C:\WINDOWS\SYSTEM32\dhcpcsvc.DLL
0x740d0000 - 0x74160000 	C:\WINDOWS\SYSTEM32\DNSAPI.dll
0x70bd0000 - 0x70be3000 	C:\WINDOWS\SYSTEM32\CRYPTSP.dll
0x70b90000 - 0x70bc1000 	C:\WINDOWS\system32\rsaenh.dll
0x74f10000 - 0x74f35000 	C:\WINDOWS\SYSTEM32\USERENV.dll
0x74d10000 - 0x74d1a000 	C:\WINDOWS\SYSTEM32\CRYPTBASE.dll
0x6a400000 - 0x6a4ca000 	C:\Users\computop\AppData\Local\Temp\sqlite-3.36.0.3-f5cb4a20-59d6-4f8d-a12c-c327d6083606-sqlitejdbc.dll
0x70cb0000 - 0x70cc0000 	C:\Program Files (x86)\Java\jdk1.8.0_202\jre\bin\javafx_font.dll
0x6db90000 - 0x6dd9c000 	C:\WINDOWS\SYSTEM32\dwrite.dll
0x76a20000 - 0x76a9e000 	C:\WINDOWS\System32\clbcatq.dll
0x736a0000 - 0x73812000 	C:\WINDOWS\SYSTEM32\WindowsCodecs.dll
0x74440000 - 0x74471000 	C:\WINDOWS\system32\dataexchange.dll
0x73a90000 - 0x73c70000 	C:\WINDOWS\system32\d3d11.dll
0x741a0000 - 0x74305000 	C:\WINDOWS\system32\dcomp.dll
0x739c0000 - 0x73a85000 	C:\WINDOWS\system32\dxgi.dll
0x73820000 - 0x739b1000 	C:\WINDOWS\system32\twinapi.appcore.dll
0x70c80000 - 0x70ca4000 	C:\Program Files (x86)\Common Files\Microsoft Shared\Ink\rtscom.dll
0x735c0000 - 0x73679000 	C:\WINDOWS\SYSTEM32\textinputframework.dll
0x732a0000 - 0x7333b000 	C:\WINDOWS\System32\CoreMessaging.dll
0x73340000 - 0x735bf000 	C:\WINDOWS\System32\CoreUIComponents.dll
0x75050000 - 0x75079000 	C:\WINDOWS\SYSTEM32\ntmarta.dll

VM Arguments:
jvm_args: -javaagent:D:\IntelliJ IDEA Community Edition 2024.3.3\lib\idea_rt.jar=52724 -Dfile.encoding=UTF-8 
java_command: org.example.store.HelloApplication
java_class_path (initial): C:\Program Files (x86)\Java\jdk1.8.0_202\jre\lib\charsets.jar;C:\Program Files (x86)\Java\jdk1.8.0_202\jre\lib\deploy.jar;C:\Program Files (x86)\Java\jdk1.8.0_202\jre\lib\ext\access-bridge-32.jar;C:\Program Files (x86)\Java\jdk1.8.0_202\jre\lib\ext\cldrdata.jar;C:\Program Files (x86)\Java\jdk1.8.0_202\jre\lib\ext\dnsns.jar;C:\Program Files (x86)\Java\jdk1.8.0_202\jre\lib\ext\jaccess.jar;C:\Program Files (x86)\Java\jdk1.8.0_202\jre\lib\ext\jfxrt.jar;C:\Program Files (x86)\Java\jdk1.8.0_202\jre\lib\ext\localedata.jar;C:\Program Files (x86)\Java\jdk1.8.0_202\jre\lib\ext\nashorn.jar;C:\Program Files (x86)\Java\jdk1.8.0_202\jre\lib\ext\sunec.jar;C:\Program Files (x86)\Java\jdk1.8.0_202\jre\lib\ext\sunjce_provider.jar;C:\Program Files (x86)\Java\jdk1.8.0_202\jre\lib\ext\sunmscapi.jar;C:\Program Files (x86)\Java\jdk1.8.0_202\jre\lib\ext\sunpkcs11.jar;C:\Program Files (x86)\Java\jdk1.8.0_202\jre\lib\ext\zipfs.jar;C:\Program Files (x86)\Java\jdk1.8.0_202\jre\lib\javaws.jar;C:\Program Files (x86)\Java\jdk1.8.0_202\jre\lib\jce.jar;C:\Program Files (x86)\Java\jdk1.8.0_202\jre\lib\jfr.jar;C:\Program Files (x86)\Java\jdk1.8.0_202\jre\lib\jfxswt.jar;C:\Program Files (x86)\Java\jdk1.8.0_202\jre\lib\jsse.jar;C:\Program Files (x86)\Java\jdk1.8.0_202\jre\lib\management-agent.jar;C:\Program Files (x86)\Java\jdk1.8.0_202\jre\lib\plugin.jar;C:\Program Files (x86)\Java\jdk1.8.0_202\jre\lib\resources.jar;C:\Program Files (x86)\Java\jdk1.8.0_202\jre\lib\rt.jar;D:\Vance\target\classes;C:\Users\computop\.m2\repository\org\mindrot\jbcrypt\0.4\jbcrypt-0.4.jar;C:\Users\computop\.m2\repository\org\json\json\20230227\json-20230227.jar;C:\Users\computop\.m2\repository\org\xerial\sqlite-jdbc\3.36.0.3\sqlite-jdbc-3.36.0.3.jar;C:\Users\computop\.m2\repository\com\itextpdf\itextpdf\5.5.13.3\itextpdf-5.5.13.3.jar;C:\Users\computop\.m2\repository\com\ibm\icu\icu4j\72.1\icu4j-72.1.jar;C:\Users\computop\.m2\repository\com\google\zxing\core\3.4.1\core-3.4.1.jar;C:\Users\computop
Launcher Type: SUN_STANDARD

Environment Variables:
JAVA_HOME=C:\Program Files (x86)\Java\jdk1.8.0_202
PATH=C:\Program Files (x86)\Java\jdk1.8.0_202\bin;C:\Program Files\Common Files\Oracle\Java\javapath;C:\Windows\system32;C:\Windows;C:\Windows\System32\Wbem;C:\Windows\System32\WindowsPowerShell\v1.0\;C:\Windows\System32\OpenSSH\;C:\WINDOWS\system32;C:\WINDOWS;C:\WINDOWS\System32\Wbem;C:\WINDOWS\System32\WindowsPowerShell\v1.0\;C:\WINDOWS\System32\OpenSSH\;D:\ES DIPLOMA\DIPLOMA TOOLS\02- Toolchains\mingw64\bin;C:\Program Files (x86)\Microsoft SQL Server\160\DTS\Binn\;C:\Program Files\Git\cmd;C:\Program Files\MySQL\MySQL Server 8.0\bin;C:\Program Files\nodejs\;C:\Program Files\Docker\Docker\resources\bin;C:\Program Files\Apache\Maven\apache-maven-3.9.9\bin;C:\Program Files\Java\jdk-24\bin;C:\Program Files\Go\bin;C:\Program Files\WiX Toolset v6.0\bin\;C:\Program Files (x86)\Java\jdk1.8.0_202\bin;C:\Users\computop\AppData\Local\Programs\Python\Python313\Scripts\;C:\Users\computop\AppData\Local\Programs\Python\Python313\;C:\Users\computop\AppData\Local\Programs\Python\Launcher\;C:\Program Files\MySQL\MySQL Shell 8.0\bin\;C:\Users\computop\AppData\Local\Microsoft\WindowsApps;C:\Program Files\Azure Data Studio\bin;C:\Users\computop\AppData\Local\Programs\Microsoft VS Code\bin;C:\Program Files\JetBrains\IntelliJ IDEA Community Edition 2024.2.1\bin;;C:\Users\computop\AppData\Roaming\npm;C:\Users\computop\AppData\Local\Programs\MiKTeX\miktex\bin\x64\;C:\Users\computop\go\bin;C:\Users\computop\AppData\Local\Programs\cursor\resources\app\bin;
USERNAME=computop
OS=Windows_NT
PROCESSOR_IDENTIFIER=Intel64 Family 6 Model 60 Stepping 3, GenuineIntel



---------------  S Y S T E M  ---------------

OS: Windows 10.0 , 64 bit Build 19041 (10.0.19041.6456)

CPU:total 4 (initial active 4) (4 cores per cpu, 1 threads per core) family 6 model 60 stepping 3, cmov, cx8, fxsr, mmx, sse, sse2, sse3, ssse3, sse4.1, sse4.2, popcnt, avx, avx2, aes, clmul, erms, lzcnt, tsc, tscinvbit, bmi1, bmi2

Memory: 4k page, physical 8310316k(1446820k free), swap 16698924k(6648284k free)

vm_info: Java HotSpot(TM) Client VM (25.202-b08) for windows-x86 JRE (1.8.0_202-b08), built on Dec 15 2018 20:01:43 by "java_re" with MS VC++ 10.0 (VS2010)

time: Thu Oct 23 13:33:36 2025
timezone: Egypt Daylight Time
elapsed time: 6 seconds (0d 0h 0m 6s)

